#
# There is insufficient memory for the Java Runtime Environment to continue.
# Native memory allocation (malloc) failed to allocate 1776256 bytes for Chunk::new
# Possible reasons:
#   The system is out of physical RAM or swap space
#   In 32 bit mode, the process size limit was hit
# Possible solutions:
#   Reduce memory load on the system
#   Increase physical memory or swap space
#   Check if swap backing store is full
#   Use 64 bit Java on a 64 bit OS
#   Decrease Java heap size (-Xmx/-Xms)
#   Decrease number of Java threads
#   Decrease Java thread stack sizes (-Xss)
#   Set larger code cache with -XX:ReservedCodeCacheSize=
# This output file may be truncated or incomplete.
#
#  Out of Memory Error (allocation.cpp:323), pid=23920, tid=12396
#
# JRE version: Java(TM) SE Runtime Environment (7.0_60-b19) (build 1.7.0_60-b19)
# Java VM: Java HotSpot(TM) 64-Bit Server VM (24.60-b09 mixed mode windows-amd64 compressed oops)
# Failed to write core dump. Minidumps are not enabled by default on client versions of Windows
#

---------------  T H R E A D  ---------------

Current thread (0x000000000af30800):  JavaThread "C2 CompilerThread1" daemon [_thread_in_native, id=12396, stack(0x000000000c570000,0x000000000c670000)]

Stack: [0x000000000c570000,0x000000000c670000]

Current CompileTask:
C2:  15883  848             java.beans.Introspector::processPropertyDescriptors (699 bytes)


---------------  P R O C E S S  ---------------

Java Threads: ( => current thread )
  0x000000000f0b1000 JavaThread "container-0" [_thread_blocked, id=18148, stack(0x0000000010e10000,0x0000000010f10000)]
  0x000000000edff800 JavaThread "ContainerBackgroundProcessor[StandardEngine[Tomcat].StandardHost[localhost].StandardContext[]]" daemon [_thread_blocked, id=33092, stack(0x0000000010d10000,0x0000000010e10000)]
  0x000000000ecf7800 JavaThread "localhost-startStop-1" daemon [_thread_blocked, id=7392, stack(0x000000000fbc0000,0x000000000fcc0000)]
  0x000000000cff0000 JavaThread "Tomcat-startStop-1" daemon [_thread_blocked, id=34224, stack(0x000000000fac0000,0x000000000fbc0000)]
  0x000000000cfcd800 JavaThread "spring.cloud.inetutils" daemon [_thread_blocked, id=35128, stack(0x000000000d810000,0x000000000d910000)]
  0x000000000ccda000 JavaThread "RMI TCP Accept-0" daemon [_thread_in_native, id=23780, stack(0x000000000d570000,0x000000000d670000)]
  0x000000000ccd8000 JavaThread "RMI TCP Accept-54870" daemon [_thread_in_native, id=35252, stack(0x000000000d470000,0x000000000d570000)]
  0x000000000cc94800 JavaThread "RMI TCP Accept-0" daemon [_thread_in_native, id=30300, stack(0x000000000d370000,0x000000000d470000)]
  0x000000000af40800 JavaThread "Service Thread" daemon [_thread_blocked, id=24308, stack(0x000000000c670000,0x000000000c770000)]
=>0x000000000af30800 JavaThread "C2 CompilerThread1" daemon [_thread_in_native, id=12396, stack(0x000000000c570000,0x000000000c670000)]
  0x000000000af26000 JavaThread "C2 CompilerThread0" daemon [_thread_blocked, id=34020, stack(0x000000000c470000,0x000000000c570000)]
  0x000000000af25000 JavaThread "Attach Listener" daemon [_thread_blocked, id=34468, stack(0x000000000c370000,0x000000000c470000)]
  0x0000000002c5e800 JavaThread "Signal Dispatcher" daemon [_thread_blocked, id=36740, stack(0x000000000c270000,0x000000000c370000)]
  0x0000000002c4b000 JavaThread "Finalizer" daemon [_thread_blocked, id=34544, stack(0x000000000c170000,0x000000000c270000)]
  0x0000000002c42000 JavaThread "Reference Handler" daemon [_thread_blocked, id=34104, stack(0x000000000c070000,0x000000000c170000)]
  0x0000000002b65800 JavaThread "main" [_thread_in_native, id=9372, stack(0x0000000002a60000,0x0000000002b60000)]

Other Threads:
  0x000000000aee2000 VMThread [stack: 0x000000000bf70000,0x000000000c070000] [id=24412]
  0x000000000ccdd800 WatcherThread [stack: 0x000000000d670000,0x000000000d770000] [id=24132]

VM state:not at safepoint (normal execution)

VM Mutex/Monitor currently owned by a thread: None

Heap
 PSYoungGen      total 142336K, used 74753K [0x00000007d6080000, 0x00000007e4c80000, 0x0000000800000000)
  eden space 131072K, 48% used [0x00000007d6080000,0x00000007d9e87710,0x00000007de080000)
  from space 11264K, 99% used [0x00000007de080000,0x00000007deb78fe8,0x00000007deb80000)
  to   space 15872K, 0% used [0x00000007e3d00000,0x00000007e3d00000,0x00000007e4c80000)
 ParOldGen       total 85504K, used 21104K [0x0000000782200000, 0x0000000787580000, 0x00000007d6080000)
  object space 85504K, 24% used [0x0000000782200000,0x000000078369c158,0x0000000787580000)
 PSPermGen       total 34816K, used 34346K [0x000000077d000000, 0x000000077f200000, 0x0000000782200000)
  object space 34816K, 98% used [0x000000077d000000,0x000000077f18ae18,0x000000077f200000)

Card table byte_map: [0x0000000005d20000,0x0000000006140000] byte_map_base: 0x0000000002138000

Polling page: 0x0000000000f10000

Code Cache  [0x0000000002c60000, 0x0000000002f60000, 0x0000000005c60000)
 total_blobs=1156 nmethods=803 adapters=304 free_code_cache=46143Kb largest_free_block=47206976

Compilation events (10 events):
Event: 15.732 Thread 0x000000000af26000  856             java.util.Collections$SingletonSet::<init> (10 bytes)
Event: 15.732 Thread 0x000000000af26000 nmethod 856 0x0000000002ea0e10 code [0x0000000002ea0f40, 0x0000000002ea0fb8]
Event: 15.732 Thread 0x000000000af26000  857             org.springframework.core.convert.support.GenericConversionService::addConverter (13 bytes)
Event: 15.734 Thread 0x000000000af26000 nmethod 857 0x0000000002e9ed10 code [0x0000000002e9eea0, 0x0000000002e9f0b0]
Event: 15.734 Thread 0x000000000af26000  858             org.springframework.core.convert.support.GenericConversionService::invalidateCache (10 bytes)
Event: 15.736 Thread 0x000000000af26000 nmethod 858 0x0000000002e9e690 code [0x0000000002e9e820, 0x0000000002e9ea00]
Event: 15.762 Thread 0x000000000af26000  859             org.hibernate.validator.internal.metadata.location.ConstraintLocation::getMember (5 bytes)
Event: 15.762 Thread 0x000000000af26000 nmethod 859 0x0000000002e9e490 code [0x0000000002e9e5c0, 0x0000000002e9e638]
Event: 15.793 Thread 0x000000000af26000  860             java.lang.StringBuilder::<init> (6 bytes)
Event: 15.794 Thread 0x000000000af26000 nmethod 860 0x0000000002eaad10 code [0x0000000002eaae60, 0x0000000002eaaf78]

GC Heap History (10 events):
Event: 4.670 GC heap before
{Heap before GC invocations=5 (full 0):
 PSYoungGen      total 70656K, used 70636K [0x00000007d6080000, 0x00000007daa80000, 0x0000000800000000)
  eden space 65536K, 100% used [0x00000007d6080000,0x00000007da080000,0x00000007da080000)
  from space 5120K, 99% used [0x00000007da580000,0x00000007daa7b248,0x00000007daa80000)
  to   space 5120K, 0% used [0x00000007da080000,0x00000007da080000,0x00000007da580000)
 ParOldGen       total 85504K, used 9078K [0x0000000782200000, 0x0000000787580000, 0x00000007d6080000)
  object space 85504K, 10% used [0x0000000782200000,0x0000000782addb10,0x0000000787580000)
 PSPermGen       total 22016K, used 21829K [0x000000077d000000, 0x000000077e580000, 0x0000000782200000)
  object space 22016K, 99% used [0x000000077d000000,0x000000077e551660,0x000000077e580000)
Event: 4.695 GC heap after
Heap after GC invocations=5 (full 0):
 PSYoungGen      total 70656K, used 5105K [0x00000007d6080000, 0x00000007df780000, 0x0000000800000000)
  eden space 65536K, 0% used [0x00000007d6080000,0x00000007d6080000,0x00000007da080000)
  from space 5120K, 99% used [0x00000007da080000,0x00000007da57c628,0x00000007da580000)
  to   space 11776K, 0% used [0x00000007dec00000,0x00000007dec00000,0x00000007df780000)
 ParOldGen       total 85504K, used 13509K [0x0000000782200000, 0x0000000787580000, 0x00000007d6080000)
  object space 85504K, 15% used [0x0000000782200000,0x0000000782f31598,0x0000000787580000)
 PSPermGen       total 22016K, used 21829K [0x000000077d000000, 0x000000077e580000, 0x0000000782200000)
  object space 22016K, 99% used [0x000000077d000000,0x000000077e551660,0x000000077e580000)
}
Event: 5.901 GC heap before
{Heap before GC invocations=6 (full 0):
 PSYoungGen      total 70656K, used 70641K [0x00000007d6080000, 0x00000007df780000, 0x0000000800000000)
  eden space 65536K, 100% used [0x00000007d6080000,0x00000007da080000,0x00000007da080000)
  from space 5120K, 99% used [0x00000007da080000,0x00000007da57c628,0x00000007da580000)
  to   space 11776K, 0% used [0x00000007dec00000,0x00000007dec00000,0x00000007df780000)
 ParOldGen       total 85504K, used 13509K [0x0000000782200000, 0x0000000787580000, 0x00000007d6080000)
  object space 85504K, 15% used [0x0000000782200000,0x0000000782f31598,0x0000000787580000)
 PSPermGen       total 22528K, used 22432K [0x000000077d000000, 0x000000077e600000, 0x0000000782200000)
  object space 22528K, 99% used [0x000000077d000000,0x000000077e5e81a8,0x000000077e600000)
Event: 5.927 GC heap after
Heap after GC invocations=6 (full 0):
 PSYoungGen      total 141824K, used 7389K [0x00000007d6080000, 0x00000007df680000, 0x0000000800000000)
  eden space 131072K, 0% used [0x00000007d6080000,0x00000007d6080000,0x00000007de080000)
  from space 10752K, 68% used [0x00000007dec00000,0x00000007df3375c0,0x00000007df680000)
  to   space 11264K, 0% used [0x00000007de080000,0x00000007de080000,0x00000007deb80000)
 ParOldGen       total 85504K, used 13509K [0x0000000782200000, 0x0000000787580000, 0x00000007d6080000)
  object space 85504K, 15% used [0x0000000782200000,0x0000000782f31598,0x0000000787580000)
 PSPermGen       total 22528K, used 22432K [0x000000077d000000, 0x000000077e600000, 0x0000000782200000)
  object space 22528K, 99% used [0x000000077d000000,0x000000077e5e81a8,0x000000077e600000)
}
Event: 8.453 GC heap before
{Heap before GC invocations=7 (full 0):
 PSYoungGen      total 141824K, used 138461K [0x00000007d6080000, 0x00000007df680000, 0x0000000800000000)
  eden space 131072K, 100% used [0x00000007d6080000,0x00000007de080000,0x00000007de080000)
  from space 10752K, 68% used [0x00000007dec00000,0x00000007df3375c0,0x00000007df680000)
  to   space 11264K, 0% used [0x00000007de080000,0x00000007de080000,0x00000007deb80000)
 ParOldGen       total 85504K, used 13509K [0x0000000782200000, 0x0000000787580000, 0x00000007d6080000)
  object space 85504K, 15% used [0x0000000782200000,0x0000000782f31598,0x0000000787580000)
 PSPermGen       total 28160K, used 27669K [0x000000077d000000, 0x000000077eb80000, 0x0000000782200000)
  object space 28160K, 98% used [0x000000077d000000,0x000000077eb05750,0x000000077eb80000)
Event: 8.479 GC heap after
Heap after GC invocations=7 (full 0):
 PSYoungGen      total 142336K, used 10504K [0x00000007d6080000, 0x00000007df680000, 0x0000000800000000)
  eden space 131072K, 0% used [0x00000007d6080000,0x00000007d6080000,0x00000007de080000)
  from space 11264K, 93% used [0x00000007de080000,0x00000007deac22e0,0x00000007deb80000)
  to   space 10752K, 0% used [0x00000007dec00000,0x00000007dec00000,0x00000007df680000)
 ParOldGen       total 85504K, used 15688K [0x0000000782200000, 0x0000000787580000, 0x00000007d6080000)
  object space 85504K, 18% used [0x0000000782200000,0x0000000783152160,0x0000000787580000)
 PSPermGen       total 28160K, used 27669K [0x000000077d000000, 0x000000077eb80000, 0x0000000782200000)
  object space 28160K, 98% used [0x000000077d000000,0x000000077eb05750,0x000000077eb80000)
}
Event: 11.907 GC heap before
{Heap before GC invocations=8 (full 0):
 PSYoungGen      total 142336K, used 141576K [0x00000007d6080000, 0x00000007df680000, 0x0000000800000000)
  eden space 131072K, 100% used [0x00000007d6080000,0x00000007de080000,0x00000007de080000)
  from space 11264K, 93% used [0x00000007de080000,0x00000007deac22e0,0x00000007deb80000)
  to   space 10752K, 0% used [0x00000007dec00000,0x00000007dec00000,0x00000007df680000)
 ParOldGen       total 85504K, used 15688K [0x0000000782200000, 0x0000000787580000, 0x00000007d6080000)
  object space 85504K, 18% used [0x0000000782200000,0x0000000783152160,0x0000000787580000)
 PSPermGen       total 31232K, used 31027K [0x000000077d000000, 0x000000077ee80000, 0x0000000782200000)
  object space 31232K, 99% used [0x000000077d000000,0x000000077ee4ce68,0x000000077ee80000)
Event: 11.943 GC heap after
Heap after GC invocations=8 (full 0):
 PSYoungGen      total 141824K, used 10730K [0x00000007d6080000, 0x00000007df680000, 0x0000000800000000)
  eden space 131072K, 0% used [0x00000007d6080000,0x00000007d6080000,0x00000007de080000)
  from space 10752K, 99% used [0x00000007dec00000,0x00000007df67abe8,0x00000007df680000)
  to   space 11264K, 0% used [0x00000007de080000,0x00000007de080000,0x00000007deb80000)
 ParOldGen       total 85504K, used 16774K [0x0000000782200000, 0x0000000787580000, 0x00000007d6080000)
  object space 85504K, 19% used [0x0000000782200000,0x0000000783261930,0x0000000787580000)
 PSPermGen       total 31232K, used 31027K [0x000000077d000000, 0x000000077ee80000, 0x0000000782200000)
  object space 31232K, 99% used [0x000000077d000000,0x000000077ee4ce68,0x000000077ee80000)
}
Event: 14.740 GC heap before
{Heap before GC invocations=9 (full 0):
 PSYoungGen      total 141824K, used 141802K [0x00000007d6080000, 0x00000007df680000, 0x0000000800000000)
  eden space 131072K, 100% used [0x00000007d6080000,0x00000007de080000,0x00000007de080000)
  from space 10752K, 99% used [0x00000007dec00000,0x00000007df67abe8,0x00000007df680000)
  to   space 11264K, 0% used [0x00000007de080000,0x00000007de080000,0x00000007deb80000)
 ParOldGen       total 85504K, used 16774K [0x0000000782200000, 0x0000000787580000, 0x00000007d6080000)
  object space 85504K, 19% used [0x0000000782200000,0x0000000783261930,0x0000000787580000)
 PSPermGen       total 33792K, used 33554K [0x000000077d000000, 0x000000077f100000, 0x0000000782200000)
  object space 33792K, 99% used [0x000000077d000000,0x000000077f0c4840,0x000000077f100000)
Event: 14.777 GC heap after
Heap after GC invocations=9 (full 0):
 PSYoungGen      total 142336K, used 11235K [0x00000007d6080000, 0x00000007e4c80000, 0x0000000800000000)
  eden space 131072K, 0% used [0x00000007d6080000,0x00000007d6080000,0x00000007de080000)
  from space 11264K, 99% used [0x00000007de080000,0x00000007deb78fe8,0x00000007deb80000)
  to   space 15872K, 0% used [0x00000007e3d00000,0x00000007e3d00000,0x00000007e4c80000)
 ParOldGen       total 85504K, used 21104K [0x0000000782200000, 0x0000000787580000, 0x00000007d6080000)
  object space 85504K, 24% used [0x0000000782200000,0x000000078369c158,0x0000000787580000)
 PSPermGen       total 33792K, used 33554K [0x000000077d000000, 0x000000077f100000, 0x0000000782200000)
  object space 33792K, 99% used [0x000000077d000000,0x000000077f0c4840,0x000000077f100000)
}

Deoptimization events (10 events):
Event: 15.317 Thread 0x0000000002b65800 Uncommon trap: reason=bimorphic action=maybe_recompile pc=0x0000000002d5c8dc method=org.springframework.core.env.PropertySource.containsProperty(Ljava/lang/String;)Z @ 2
Event: 15.327 Thread 0x0000000002b65800 Uncommon trap: reason=bimorphic action=maybe_recompile pc=0x0000000002d5f6fc method=org.springframework.boot.bind.PropertySourcesPropertyValues.processNonEnumerablePropertySource(Lorg/springframework/core/env/PropertySource;Lorg/springframework/core/env/Pr¶O7Þx¨.@
Event: 15.329 Thread 0x0000000002b65800 Uncommon trap: reason=bimorphic action=maybe_recompile pc=0x0000000002d5f6fc method=org.springframework.boot.bind.PropertySourcesPropertyValues.processNonEnumerablePropertySource(Lorg/springframework/core/env/PropertySource;Lorg/springframework/core/env/Pr÷Š%©.@
Event: 15.330 Thread 0x0000000002b65800 Uncommon trap: reason=bimorphic action=maybe_recompile pc=0x0000000002d5f6fc method=org.springframework.boot.bind.PropertySourcesPropertyValues.processNonEnumerablePropertySource(Lorg/springframework/core/env/PropertySource;Lorg/springframework/core/env/Pr¢ÏÚŒ	‚/@
Event: 15.754 Thread 0x0000000002b65800 Uncommon trap: reason=bimorphic action=maybe_recompile pc=0x0000000002f4a814 method=org.springframework.boot.bind.PropertySourcesPropertyValues.processEnumerablePropertySource(Lorg/springframework/core/env/EnumerablePropertySource;Lorg/springframework/coreËö…/@
Event: 15.760 Thread 0x0000000002b65800 Uncommon trap: reason=bimorphic action=maybe_recompile pc=0x0000000002f4a814 method=org.springframework.boot.bind.PropertySourcesPropertyValues.processEnumerablePropertySource(Lorg/springframework/core/env/EnumerablePropertySource;Lorg/springframework/core—Æ¬½…/@
Event: 15.761 Thread 0x0000000002b65800 Uncommon trap: reason=bimorphic action=maybe_recompile pc=0x0000000002f4a814 method=org.springframework.boot.bind.PropertySourcesPropertyValues.processEnumerablePropertySource(Lorg/springframework/core/env/EnumerablePropertySource;Lorg/springframework/coref‰£«(‡/@
Event: 15.764 Thread 0x0000000002b65800 Uncommon trap: reason=bimorphic action=maybe_recompile pc=0x0000000002f4a814 method=org.springframework.boot.bind.PropertySourcesPropertyValues.processEnumerablePropertySource(Lorg/springframework/core/env/EnumerablePropertySource;Lorg/springframework/coreê_Ì‰/@
Event: 15.769 Thread 0x0000000002b65800 Uncommon trap: reason=unreached action=reinterpret pc=0x0000000002f12bdc method=org.springframework.core.annotation.AnnotationUtils.findAnnotation(Ljava/lang/reflect/AnnotatedElement;Ljava/lang/Class;Ljava/util/Set;)Ljava/lang/annotation/Annotation; @ 112
Event: 15.815 Thread 0x0000000002b65800 Uncommon trap: reason=unreached action=reinterpret pc=0x0000000002ef78d0 method=org.springframework.cglib.core.CodeEmitter.process_switch([ILorg/springframework/cglib/core/ProcessSwitchCallback;Z)V @ 145

Internal exceptions (10 events):
Event: 15.865 Thread 0x0000000002b65800 Threw 0x00000007d9cc40d0 at C:\re\jdk7u60\1081\hotspot\src\share\vm\prims\jvm.cpp:1244
Event: 15.866 Thread 0x0000000002b65800 Threw 0x00000007d9cc9b50 at C:\re\jdk7u60\1081\hotspot\src\share\vm\prims\jvm.cpp:1244
Event: 15.866 Thread 0x0000000002b65800 Threw 0x00000007d9cd2310 at C:\re\jdk7u60\1081\hotspot\src\share\vm\prims\jvm.cpp:1244
Event: 15.868 Thread 0x0000000002b65800 Threw 0x00000007d9cd9678 at C:\re\jdk7u60\1081\hotspot\src\share\vm\prims\jvm.cpp:1244
Event: 15.872 Thread 0x0000000002b65800 Threw 0x00000007d9cf5630 at C:\re\jdk7u60\1081\hotspot\src\share\vm\prims\jvm.cpp:1244
Event: 15.872 Thread 0x0000000002b65800 Threw 0x00000007d9cfa0a8 at C:\re\jdk7u60\1081\hotspot\src\share\vm\prims\jvm.cpp:1244
Event: 15.873 Thread 0x0000000002b65800 Threw 0x00000007d9d02260 at C:\re\jdk7u60\1081\hotspot\src\share\vm\prims\jvm.cpp:1244
Event: 15.874 Thread 0x0000000002b65800 Threw 0x00000007d9d0ca58 at C:\re\jdk7u60\1081\hotspot\src\share\vm\prims\jvm.cpp:1244
Event: 15.874 Thread 0x0000000002b65800 Threw 0x00000007d9d16f90 at C:\re\jdk7u60\1081\hotspot\src\share\vm\prims\jvm.cpp:1244
Event: 15.875 Thread 0x0000000002b65800 Threw 0x00000007d9d1bc60 at C:\re\jdk7u60\1081\hotspot\src\share\vm\prims\jvm.cpp:1244

Events (10 events):
Event: 15.872 loading class 0x000000000eced160
Event: 15.872 loading class 0x000000000eced160 done
Event: 15.873 loading class 0x000000000ececc60
Event: 15.873 loading class 0x000000000ececc60 done
Event: 15.874 loading class 0x000000000e95ad80
Event: 15.874 loading class 0x000000000e95ad80 done
Event: 15.874 loading class 0x000000000d0fa470
Event: 15.874 loading class 0x000000000d0fa470 done
Event: 15.875 loading class 0x000000000d0f91b0
Event: 15.875 loading class 0x000000000d0f91b0 done


Dynamic libraries:
0x00007ff675cd0000 - 0x00007ff675d03000 	D:\Java\jdk1.7.0_60\bin\javaw.exe
0x00007ff84ee40000 - 0x00007ff84f01b000 	C:\Windows\SYSTEM32\ntdll.dll
0x00007ff84c680000 - 0x00007ff84c72e000 	C:\Windows\System32\KERNEL32.DLL
0x00007ff84b360000 - 0x00007ff84b5a9000 	C:\Windows\System32\KERNELBASE.dll
0x00007ff84c7b0000 - 0x00007ff84c851000 	C:\Windows\System32\ADVAPI32.dll
0x00007ff84c3a0000 - 0x00007ff84c43d000 	C:\Windows\System32\msvcrt.dll
0x00007ff84c910000 - 0x00007ff84c969000 	C:\Windows\System32\sechost.dll
0x00007ff84ed10000 - 0x00007ff84ee35000 	C:\Windows\System32\RPCRT4.dll
0x00007ff84e780000 - 0x00007ff84e8ca000 	C:\Windows\System32\USER32.dll
0x00007ff84b5b0000 - 0x00007ff84b5ce000 	C:\Windows\System32\win32u.dll
0x00007ff84df70000 - 0x00007ff84df97000 	C:\Windows\System32\GDI32.dll
0x00007ff84c210000 - 0x00007ff84c398000 	C:\Windows\System32\gdi32full.dll
0x00007ff84c100000 - 0x00007ff84c19a000 	C:\Windows\System32\msvcp_win.dll
0x00007ff84be30000 - 0x00007ff84bf26000 	C:\Windows\System32\ucrtbase.dll
0x00007ff841310000 - 0x00007ff841577000 	C:\Windows\WinSxS\amd64_microsoft.windows.common-controls_6595b64144ccf1df_6.0.15063.483_none_26002d27e7c744a2\COMCTL32.dll
0x00007ff84e070000 - 0x00007ff84e369000 	C:\Windows\System32\combase.dll
0x00007ff84c1a0000 - 0x00007ff84c20a000 	C:\Windows\System32\bcryptPrimitives.dll
0x00007ff84c650000 - 0x00007ff84c67d000 	C:\Windows\System32\IMM32.DLL
0x0000000057330000 - 0x0000000057402000 	D:\Java\jdk1.7.0_60\jre\bin\msvcr100.dll
0x0000000055b00000 - 0x00000000562d2000 	D:\Java\jdk1.7.0_60\jre\bin\server\jvm.dll
0x00007ff84c5e0000 - 0x00007ff84c5e8000 	C:\Windows\System32\PSAPI.DLL
0x00007ff830c40000 - 0x00007ff830c49000 	C:\Windows\SYSTEM32\WSOCK32.dll
0x00007ff849420000 - 0x00007ff849443000 	C:\Windows\SYSTEM32\WINMM.dll
0x00007ff84df00000 - 0x00007ff84df6c000 	C:\Windows\System32\WS2_32.dll
0x00007ff8493c0000 - 0x00007ff8493eb000 	C:\Windows\SYSTEM32\WINMMBASE.dll
0x00007ff84b5d0000 - 0x00007ff84b619000 	C:\Windows\System32\cfgmgr32.dll
0x0000000058690000 - 0x000000005869f000 	D:\Java\jdk1.7.0_60\jre\bin\verify.dll
0x0000000058660000 - 0x0000000058688000 	D:\Java\jdk1.7.0_60\jre\bin\java.dll
0x0000000058640000 - 0x0000000058655000 	D:\Java\jdk1.7.0_60\jre\bin\zip.dll
0x0000000058630000 - 0x000000005863b000 	D:\Java\jdk1.7.0_60\jre\bin\management.dll
0x00000000585e0000 - 0x00000000585f9000 	D:\Java\jdk1.7.0_60\jre\bin\net.dll
0x00007ff84a890000 - 0x00007ff84a8ec000 	C:\Windows\system32\mswsock.dll
0x00000000585c0000 - 0x00000000585d1000 	D:\Java\jdk1.7.0_60\jre\bin\nio.dll
0x00007ff81e500000 - 0x00007ff81e516000 	C:\Windows\system32\napinsp.dll
0x00007ff81e030000 - 0x00007ff81e04a000 	C:\Windows\system32\pnrpnsp.dll
0x00007ff847cd0000 - 0x00007ff847ce8000 	C:\Windows\system32\NLAapi.dll
0x00007ff84a670000 - 0x00007ff84a714000 	C:\Windows\SYSTEM32\DNSAPI.dll
0x00007ff84c900000 - 0x00007ff84c908000 	C:\Windows\System32\NSI.dll
0x00007ff84a630000 - 0x00007ff84a667000 	C:\Windows\SYSTEM32\IPHLPAPI.DLL
0x00007ff827f80000 - 0x00007ff827f8e000 	C:\Windows\System32\winrnr.dll
0x00007ff8435d0000 - 0x00007ff8435e5000 	C:\Windows\System32\wshbth.dll
0x00007ff835790000 - 0x00007ff83579a000 	C:\Windows\System32\rasadhlp.dll
0x00007ff83ea30000 - 0x00007ff83ea9b000 	C:\Windows\System32\fwpuclnt.dll
0x00007ff84ae30000 - 0x00007ff84ae55000 	C:\Windows\SYSTEM32\bcrypt.dll
0x00007ff84ae60000 - 0x00007ff84ae77000 	C:\Windows\SYSTEM32\CRYPTSP.dll
0x00007ff84a4b0000 - 0x00007ff84a4e4000 	C:\Windows\system32\rsaenh.dll
0x00007ff84b1e0000 - 0x00007ff84b209000 	C:\Windows\SYSTEM32\USERENV.dll
0x00007ff84b2b0000 - 0x00007ff84b2c5000 	C:\Windows\System32\profapi.dll
0x00007ff84aa30000 - 0x00007ff84aa3b000 	C:\Windows\SYSTEM32\CRYPTBASE.dll
0x00007ff841dd0000 - 0x00007ff841de6000 	C:\Windows\SYSTEM32\dhcpcsvc6.DLL
0x00007ff841e80000 - 0x00007ff841e9a000 	C:\Windows\SYSTEM32\dhcpcsvc.DLL

VM Arguments:
jvm_args: -Dcom.sun.management.jmxremote -Dcom.sun.management.jmxremote.port=54870 -Dcom.sun.management.jmxremote.authenticate=false -Dcom.sun.management.jmxremote.ssl=false -Dspring.liveBeansView.mbeanDomain -Dspring.application.admin.enabled=true -Dfile.encoding=UTF-8 
java_command: com.hyw.feign.service.FeignServiceApplication
Launcher Type: SUN_STANDARD

Environment Variables:
JAVA_HOME=D:\Java\jdk1.8.0_77
PATH=C:\Windows\system32;C:\Windows;C:\Windows\System32\Wbem;C:\Windows\System32\WindowsPowerShell\v1.0\;C:\Program Files (x86)\NVIDIA Corporation\PhysX\Common;C:\Program Files\Intel\WiFi\bin\;C:\Program Files\Common Files\Intel\WirelessCommon\;d:\Program Files\Git\cmd;d:\Program Files\Git\mingw64\bin;d:\Program Files\Git\usr\bin;D:\Program Files\TortoiseGit\bin;D:\Java\gow\bin;D:\Java\jdk1.8.0_77\bin;D:\Java\apache-maven-3.5.0\bin;D:\Java\graphviz-2.38\bin;D:\Java\node-v8.4.0-win-x64;D:\Java\gradle-4.1\bin;C:\Program Files\Bandizip\;D:\Java\zookeeper-3.4.10\bin
USERNAME=SKY
OS=Windows_NT
PROCESSOR_IDENTIFIER=Intel64 Family 6 Model 142 Stepping 9, GenuineIntel



---------------  S Y S T E M  ---------------

OS: Windows 8.1 , 64 bit Build 9600 

CPU:total 4 (2 cores per cpu, 2 threads per core) family 6 model 142 stepping 9, cmov, cx8, fxsr, mmx, sse, sse2, sse3, ssse3, sse4.1, sse4.2, popcnt, avx, avx2, aes, erms, ht, tsc, tscinvbit

Memory: 4k page, physical 8243596k(339556k free), swap 16107912k(5236k free)

vm_info: Java HotSpot(TM) 64-Bit Server VM (24.60-b09) for windows-amd64 JRE (1.7.0_60-b19), built on May  7 2014 12:55:18 by "java_re" with unknown MS VC++:1600

time: Fri Sep 29 17:40:58 2017
elapsed time: 15 seconds

